0 info it worked if it ends with ok
1 verbose cli [ '/usr/local/Cellar/node/7.2.1/bin/node',
1 verbose cli   '/usr/local/bin/npm',
1 verbose cli   'rebuild',
1 verbose cli   'node-sass' ]
2 info using npm@3.10.9
3 info using node@v7.2.1
4 info readInstalled object
5 verbose rebuild path, id [ '/Users/charleswesleycho/Development/Coding Challenges/tripping-challenges/node_modules/node-sass',
5 verbose rebuild   'node-sass@3.13.1' ]
6 silly rebuild set [ '/Users/charleswesleycho/Development/Coding Challenges/tripping-challenges/node_modules/node-sass' ]
7 info build /Users/charleswesleycho/Development/Coding Challenges/tripping-challenges/node_modules/node-sass
8 info lifecycle node-sass@3.13.1~preinstall: node-sass@3.13.1
9 silly lifecycle node-sass@3.13.1~preinstall: no script for preinstall, continuing
10 info linkStuff node-sass@3.13.1
11 silly linkStuff node-sass@3.13.1 has /Users/charleswesleycho/Development/Coding Challenges/tripping-challenges/node_modules as its parent node_modules
12 verbose linkBins node-sass@3.13.1
13 verbose link bins [ { 'node-sass': 'bin/node-sass' },
13 verbose link bins   '/Users/charleswesleycho/Development/Coding Challenges/tripping-challenges/node_modules/.bin',
13 verbose link bins   false ]
14 verbose linkMans node-sass@3.13.1
15 verbose rebuildBundles node-sass@3.13.1
16 silly gentlyRm /Users/charleswesleycho/Development/Coding Challenges/tripping-challenges/node_modules/.bin/node-sass is being purged
17 verbose gentlyRm don't care about contents; nuking /Users/charleswesleycho/Development/Coding Challenges/tripping-challenges/node_modules/.bin/node-sass
18 info lifecycle node-sass@3.13.1~install: node-sass@3.13.1
19 verbose lifecycle node-sass@3.13.1~install: unsafe-perm in lifecycle true
20 verbose lifecycle node-sass@3.13.1~install: PATH: /usr/local/lib/node_modules/npm/bin/node-gyp-bin:/Users/charleswesleycho/Development/Coding Challenges/tripping-challenges/node_modules/node-sass/node_modules/.bin:/Users/charleswesleycho/Development/Coding Challenges/tripping-challenges/node_modules/.bin:/usr/local/Cellar/node/7.2.1/bin:/Users/charleswesleycho/.rbenv/shims:/Applications/Postgres.app/Contents/Versions/latest/bin:/usr/local/bin:/usr/bin:/bin:/usr/sbin:/sbin:/usr/local/git/bin:/Users/charleswesleycho/.rvm/bin
21 verbose lifecycle node-sass@3.13.1~install: CWD: /Users/charleswesleycho/Development/Coding Challenges/tripping-challenges/node_modules/node-sass
22 silly lifecycle node-sass@3.13.1~install: Args: [ '-c', 'node scripts/install.js' ]
23 silly lifecycle node-sass@3.13.1~install: Returned: code: 1  signal: null
24 info lifecycle node-sass@3.13.1~install: Failed to exec install script
25 verbose stack Error: node-sass@3.13.1 install: `node scripts/install.js`
25 verbose stack Exit status 1
25 verbose stack     at EventEmitter.<anonymous> (/usr/local/lib/node_modules/npm/lib/utils/lifecycle.js:255:16)
25 verbose stack     at emitTwo (events.js:106:13)
25 verbose stack     at EventEmitter.emit (events.js:191:7)
25 verbose stack     at ChildProcess.<anonymous> (/usr/local/lib/node_modules/npm/lib/utils/spawn.js:40:14)
25 verbose stack     at emitTwo (events.js:106:13)
25 verbose stack     at ChildProcess.emit (events.js:191:7)
25 verbose stack     at maybeClose (internal/child_process.js:885:16)
25 verbose stack     at Process.ChildProcess._handle.onexit (internal/child_process.js:226:5)
26 verbose pkgid node-sass@3.13.1
27 verbose cwd /Users/charleswesleycho/Development/Coding Challenges/tripping-challenges/frontend
28 error Darwin 16.3.0
29 error argv "/usr/local/Cellar/node/7.2.1/bin/node" "/usr/local/bin/npm" "rebuild" "node-sass"
30 error node v7.2.1
31 error npm  v3.10.9
32 error code ELIFECYCLE
33 error node-sass@3.13.1 install: `node scripts/install.js`
33 error Exit status 1
34 error Failed at the node-sass@3.13.1 install script 'node scripts/install.js'.
34 error Make sure you have the latest version of node.js and npm installed.
34 error If you do, this is most likely a problem with the node-sass package,
34 error not with npm itself.
34 error Tell the author that this fails on your system:
34 error     node scripts/install.js
34 error You can get information on how to open an issue for this project with:
34 error     npm bugs node-sass
34 error Or if that isn't available, you can get their info via:
34 error     npm owner ls node-sass
34 error There is likely additional logging output above.
35 verbose exit [ 1, true ]
